{
  "RSpec": {
    "coverage": {
      "/Users/student/Projects/week11-12/meet-in-the-middle/app/helpers/application_helper.rb": [
        null,
        null,
        1,
        null
      ],
      "/Users/student/Projects/week11-12/meet-in-the-middle/app/helpers/users_helper.rb": [
        null,
        null,
        1,
        null
      ],
      "/Users/student/Projects/week11-12/meet-in-the-middle/app/models/application_record.rb": [
        null,
        null,
        1,
        1,
        null
      ],
      "/Users/student/Projects/week11-12/meet-in-the-middle/app/mailers/application_mailer.rb": [
        null,
        null,
        0,
        0,
        0,
        0
      ],
      "/Users/student/Projects/week11-12/meet-in-the-middle/app/models/user.rb": [
        null,
        null,
        0,
        0,
        0,
        0,
        0,
        0,
        0,
        0,
        0,
        0
      ],
      "/Users/student/Projects/week11-12/meet-in-the-middle/app/jobs/application_job.rb": [
        null,
        null,
        0,
        null,
        null,
        null,
        null,
        null,
        0
      ],
      "/Users/student/Projects/week11-12/meet-in-the-middle/app/controllers/application_controller.rb": [
        null,
        null,
        0,
        0,
        0
      ],
      "/Users/student/Projects/week11-12/meet-in-the-middle/app/controllers/users_controller.rb": [
        null,
        null,
        0,
        0,
        0
      ],
      "/Users/student/Projects/week11-12/meet-in-the-middle/app/controllers/home_controller.rb": [
        null,
        null,
        0,
        0,
        0
      ],
      "/Users/student/Projects/week11-12/meet-in-the-middle/app/channels/application_cable/connection.rb": [
        null,
        null,
        0,
        0,
        0,
        0
      ],
      "/Users/student/Projects/week11-12/meet-in-the-middle/app/channels/application_cable/channel.rb": [
        null,
        null,
        0,
        0,
        0,
        0
      ]
    },
    "timestamp": 1567608535
  }
}
